<?xml version="1.0" encoding="UTF-8"?>
<!-- Generated by org.testng.reporters.JUnitReportReporter -->
<testsuite skipped="0" hostname="DESKTOP-D2A2SQP" name="com.assignment2.tripadvisorstestcase.TripadvisorTestcase" tests="1" failures="0" timestamp="18 Jan 2020 08:10:19 GMT" time="86.573" errors="0">
  <testcase name="tripAdvisorTest" time="86.573" classname="com.assignment2.tripadvisorstestcase.TripadvisorTestcase"/>
</testsuite> <!-- com.assignment2.tripadvisorstestcase.TripadvisorTestcase -->
