<?xml version="1.0" encoding="UTF-8"?>
<!-- Generated by org.testng.reporters.JUnitReportReporter -->
<testsuite skipped="0" hostname="DESKTOP-D2A2SQP" name="com.assignment1.testcases.IphonePricingTestcase" tests="1" failures="0" timestamp="17 Jan 2020 18:17:20 GMT" time="57.446" errors="0">
  <testcase name="IphonePricingTest" time="57.446" classname="com.assignment1.testcases.IphonePricingTestcase"/>
</testsuite> <!-- com.assignment1.testcases.IphonePricingTestcase -->
